<?xml version='1.0' encoding='UTF-8'?>
<testsuite hostname="DESKTOP-2CEIT85" name="TestSQL" tests="24" errors="0" failures="0" skipped="0" time="0.128" timestamp="2024-06-18T20:54:37">
          <properties>
      <property name="java.specification.version" value="21"/><property name="sun.cpu.isalist" value="amd64"/><property name="sun.jnu.encoding" value="Cp1252"/><property name="sun.arch.data.model" value="64"/><property name="sbt.supershell" value="false"/><property name="java.vendor.url" value="https://java.oracle.com/"/><property name="sun.boot.library.path" value="C:\Users\User\.jdks\openjdk-21.0.2\bin"/><property name="sun.java.command" value="C:\Users\User\AppData\Roaming\JetBrains\IntelliJIdea2024.1\plugins\Scala\launcher\sbt-launch.jar early(addPluginSbtFile=&quot;&quot;&quot;C:\Users\User\AppData\Local\Temp\idea.sbt&quot;&quot;&quot;) ; set ideaPort in Global := 56926 ; idea-shell"/><property name="jdk.debug" value="release"/><property name="sun.stderr.encoding" value="windows-1252"/><property name="java.specification.vendor" value="Oracle Corporation"/><property name="java.version.date" value="2024-01-16"/><property name="java.home" value="C:\Users\User\.jdks\openjdk-21.0.2"/><property name="file.separator" value="\"/><property name="java.vm.compressedOopsMode" value="32-bit"/><property name="sun.stdout.encoding" value="windows-1252"/><property name="line.separator" value="
"/><property name="java.vm.specification.vendor" value="Oracle Corporation"/><property name="java.specification.name" value="Java Platform API Specification"/><property name="idea.installation.dir" value="D:\Program Files (x86)\IntelliJ IDEA 2023.2.3"/><property name="user.script" value=""/><property name="sun.management.compiler" value="HotSpot 64-Bit Tiered Compilers"/><property name="java.runtime.version" value="21.0.2+13-58"/><property name="user.name" value="User"/><property name="log4j.ignoreTCL" value="true"/><property name="file.encoding" value="UTF-8"/><property name="jnidispatch.path" value="C:\Users\User\AppData\Local\Temp\jna-2645995\jna16082963397198646923.dll"/><property name="jna.loaded" value="true"/><property name="java.io.tmpdir" value="C:\Users\User\AppData\Local\Temp\"/><property name="java.version" value="21.0.2"/><property name="java.vm.specification.name" value="Java Virtual Machine Specification"/><property name="sun.os.patch.level" value=""/><property name="native.encoding" value="Cp1252"/><property name="java.library.path" value="C:\Users\User\.jdks\openjdk-21.0.2\bin;C:\WINDOWS\Sun\Java\bin;C:\WINDOWS\system32;C:\WINDOWS;C:\Program Files (x86)\Common Files\Oracle\Java\javapath;C:\WINDOWS\system32;C:\WINDOWS;C:\WINDOWS\System32\Wbem;C:\WINDOWS\System32\WindowsPowerShell\v1.0\;C:\WINDOWS\System32\OpenSSH\;C:\Program Files\java\jdk-17\bin;D:\GitHub\Git\cmd;C:\Users\User\AppData\Local\Programs\Python\Launcher\;C:\Users\User\AppData\Local\Microsoft\WindowsApps;C:\Users\User\AppData\Local\Programs\Microsoft VS Code\bin;C:\Users\User\AppData\Local\GitHubDesktop\bin;C:\Users\User\AppData\Local\Coursier\data\bin;."/><property name="stderr.encoding" value="windows-1252"/><property name="java.vendor" value="Oracle Corporation"/><property name="sun.io.unicode.encoding" value="UnicodeLittle"/><property name="java.class.path" value="C:\Users\User\AppData\Roaming\JetBrains\IntelliJIdea2024.1\plugins\Scala\launcher\sbt-launch.jar"/><property name="java.vm.vendor" value="Oracle Corporation"/><property name="user.variant" value=""/><property name="jline.shutdownhook" value="false"/><property name="user.timezone" value="Europe/Chisinau"/><property name="java.vm.specification.version" value="21"/><property name="os.name" value="Windows 10"/><property name="sun.java.launcher" value="SUN_STANDARD"/><property name="user.country" value="GB"/><property name="sun.cpu.endian" value="little"/><property name="user.home" value="C:\Users\User"/><property name="user.language" value="en"/><property name="sbt.ipcsocket.tmpdir" value="C:\Users\User\AppData\Local\Temp\.sbt922e57da\ipcsocket"/><property name="swoval.tmpdir" value="C:\Users\User\AppData\Local\Temp\.sbt922e57da\swoval"/><property name="jline.esc.timeout" value="0"/><property name="stdout.encoding" value="windows-1252"/><property name="path.separator" value=";"/><property name="os.version" value="10.0"/><property name="jna.nosys" value="true"/><property name="java.runtime.name" value="OpenJDK Runtime Environment"/><property name="sbt.log.noformat" value="true"/><property name="java.vm.name" value="OpenJDK 64-Bit Server VM"/><property name="java.vendor.url.bug" value="https://bugreport.java.com/bugreport/"/><property name="user.dir" value="D:\Universitate\PP\skel2"/><property name="os.arch" value="amd64"/><property name="grouping.with.qualified.names.enabled" value="true"/><property name="idea.managed" value="true"/><property name="java.vm.info" value="mixed mode, sharing"/><property name="java.vm.version" value="21.0.2+13-58"/><property name="java.class.version" value="65.0"/>
    </properties>
          <testcase classname="TestSQL" name="TDA DB 1" time="0.033">
                      
                    </testcase><testcase classname="TestSQL" name="TDA DB 2" time="0.005">
                      
                    </testcase><testcase classname="TestSQL" name="TDA DB 3" time="0.006">
                      
                    </testcase><testcase classname="TestSQL" name="TDA DB 4" time="0.029">
                      
                    </testcase><testcase classname="TestSQL" name="TDA Table 1" time="0.004">
                      
                    </testcase><testcase classname="TestSQL" name="TDA Table 2" time="0.006">
                      
                    </testcase><testcase classname="TestSQL" name="TDA Table 3" time="0.004">
                      
                    </testcase><testcase classname="TestSQL" name="TDA Table 4" time="0.004">
                      
                    </testcase><testcase classname="TestSQL" name="TDA Table 5" time="0.002">
                      
                    </testcase><testcase classname="TestSQL" name="TDA Table 6" time="0.005">
                      
                    </testcase><testcase classname="TestSQL" name="implicits 1" time="0.007">
                      
                    </testcase><testcase classname="TestSQL" name="implicits 2" time="0.001">
                      
                    </testcase><testcase classname="TestSQL" name="prettier language 1" time="0.002">
                      
                    </testcase><testcase classname="TestSQL" name="prettier language 2" time="0.0">
                      
                    </testcase><testcase classname="TestSQL" name="prettier language 3" time="0.004">
                      
                    </testcase><testcase classname="TestSQL" name="prettier language 4" time="0.001">
                      
                    </testcase><testcase classname="TestSQL" name="prettier language 5" time="0.001">
                      
                    </testcase><testcase classname="TestSQL" name="prettier language 6" time="0.001">
                      
                    </testcase><testcase classname="TestSQL" name="prettier language 7" time="0.002">
                      
                    </testcase><testcase classname="TestSQL" name="prettier language 8" time="0.001">
                      
                    </testcase><testcase classname="TestSQL" name="prettier language 9" time="0.001">
                      
                    </testcase><testcase classname="TestSQL" name="killJackSparrow 1" time="0.003">
                      
                    </testcase><testcase classname="TestSQL" name="insertLinesThenSort 1" time="0.002">
                      
                    </testcase><testcase classname="TestSQL" name="youngAdultHobbiesJ 1" time="0.004">
                      
                    </testcase>
          <system-out><![CDATA[]]></system-out>
          <system-err><![CDATA[]]></system-err>
        </testsuite>